<?xml version="1.0" encoding="UTF-8"?>
<!-- Generated by org.testng.reporters.JUnitXMLReporter -->
<testsuite ignored="0" hostname="LTIN280691" failures="0" tests="14" name="Default test" time="103.078" errors="0" timestamp="2024-02-27T15:41:53 IST">
  <testcase classname="bikesMain.DisplayNewBikes" name="NewBikes" time="1.499"/>
  <testcase classname="bikesMain.DisplayNewBikes" name="UpcomingBikes" time="1.443"/>
  <testcase classname="bikesMain.DisplayNewBikes" name="ManufacturerDrop" time="0.773"/>
  <testcase classname="bikesMain.DisplayNewBikes" name="ClickHonda" time="1.098"/>
  <testcase classname="bikesMain.DisplayNewBikes" name="Viewmore" time="0.651"/>
  <testcase classname="bikesMain.DisplayNewBikes" name="ModelName" time="3.428"/>
  <testcase classname="bikesMain.DisplayNewBikes" name="Usedcars" time="0.728"/>
  <testcase classname="bikesMain.DisplayNewBikes" name="clickChennai" time="49.622"/>
  <testcase classname="bikesMain.DisplayNewBikes" name="GetCarBrands" time="6.098"/>
  <testcase classname="bikesMain.DisplayNewBikes" name="login" time="0.324"/>
  <testcase classname="bikesMain.DisplayNewBikes" name="Google" time="5.479"/>
  <testcase classname="bikesMain.DisplayNewBikes" name="Lognwndw" time="5.716"/>
  <testcase classname="bikesMain.DisplayNewBikes" name="EnterDetails" time="3.596"/>
  <testcase classname="bikesMain.DisplayNewBikes" name="ErrorMsg" time="1.82"/>
</testsuite> <!-- Default test -->
